#
# A fatal error has been detected by the Java Runtime Environment:
#
#  Internal Error (javaClasses.cpp:129), pid=25298, tid=3060194112
#  fatal error: Invalid layout of preloaded class
#
# JRE version: 7.0_25-b30
# Java VM: OpenJDK Server VM (23.7-b01 mixed mode linux-x86 )
# Failed to write core dump. Core dumps have been disabled. To enable core dumping, try "ulimit -c unlimited" before starting Java again
#
# If you would like to submit a bug report, please include
# instructions on how to reproduce the bug and visit:
#   https://bugs.launchpad.net/ubuntu/+source/openjdk-7/
#

---------------  T H R E A D  ---------------

Current thread (0xb6506c00):  JavaThread "Unknown thread" [_thread_in_vm, id=25303, stack(0xb661d000,0xb666e000)]

Stack: [0xb661d000,0xb666e000]
[error occurred during error reporting (printing stack bounds), id 0xb]


[error occurred during error reporting (printing native stack), id 0xb]


---------------  P R O C E S S  ---------------

Java Threads: ( => current thread )

Other Threads:

=>0xb6506c00 (exited) JavaThread "Unknown thread" [_thread_in_vm, id=25303, stack(0xb661d000,0xb666e000)]

VM state:not at safepoint (not fully initialized)

VM Mutex/Monitor currently owned by a thread: None

GC Heap History (0 events):
No events

Deoptimization events (0 events):
No events

Internal exceptions (0 events):
No events

Events (10 events):
Event: 0.005 loading class 0xb65349a8 done
Event: 0.005 loading class 0xb65342e8 done
Event: 0.005 loading class 0xb65342c0
Event: 0.005 loading class 0xb6553ed8
Event: 0.005 loading class 0xb6553ed8 done
Event: 0.005 loading class 0xb6553f10
Event: 0.005 loading class 0xb6553f10 done
Event: 0.005 loading class 0xb6553f48
Event: 0.005 loading class 0xb6553f48 done
Event: 0.006 loading class 0xb65342c0 done


Dynamic libraries:
08048000-08049000 r-xp 00000000 08:05 3674941    /usr/lib/jvm/java-7-openjdk-i386/jre/bin/java
08049000-0804a000 r--p 00000000 08:05 3674941    /usr/lib/jvm/java-7-openjdk-i386/jre/bin/java
0804a000-0804b000 rw-p 00001000 08:05 3674941    /usr/lib/jvm/java-7-openjdk-i386/jre/bin/java
0821e000-0823f000 rw-p 00000000 00:00 0          [heap]
69e5a000-69e7c000 rw-p 00000000 00:00 0 
69e7c000-69f3a000 r--s 00fac000 00:15 2900413    /home/fjsj/android/sdk/platforms/android-15/android.jar
69f3a000-6cd00000 rw-p 00000000 00:00 0 
6cd00000-6cd21000 rw-p 00000000 00:00 0 
6cd21000-6ce00000 ---p 00000000 00:00 0 
6ce7f000-6ce80000 ---p 00000000 00:00 0 
6ce80000-6cf00000 rw-p 00000000 00:00 0          [stack:25307]
6cf00000-6cf21000 rw-p 00000000 00:00 0 
6cf21000-6d000000 ---p 00000000 00:00 0 
6d000000-6d021000 rw-p 00000000 00:00 0 
6d021000-6d100000 ---p 00000000 00:00 0 
6d17f000-6d180000 ---p 00000000 00:00 0 
6d180000-6d200000 rw-p 00000000 00:00 0          [stack:25306]
6d200000-6d221000 rw-p 00000000 00:00 0 
6d221000-6d300000 ---p 00000000 00:00 0 
6d315000-6d316000 ---p 00000000 00:00 0 
6d316000-6d396000 rw-p 00000000 00:00 0          [stack:25305]
6d396000-6d397000 ---p 00000000 00:00 0 
6d397000-6d41f000 rw-p 00000000 00:00 0          [stack:25304]
6d41f000-6d457000 rw-p 00000000 00:00 0 
6d457000-6d46c000 rw-p 00000000 00:00 0 
6d46c000-6d5a1000 rw-p 00000000 00:00 0 
6d5a1000-6d5a9000 rw-p 00000000 00:00 0 
6d5a9000-6d5e1000 rw-p 00000000 00:00 0 
6d5e1000-6d5f6000 rw-p 00000000 00:00 0 
6d5f6000-6d72a000 rw-p 00000000 00:00 0 
6d72a000-6d735000 rw-p 00000000 00:00 0 
6d735000-6d7cf000 rw-p 00000000 00:00 0 
6d7cf000-6e7d0000 rw-p 00000000 00:00 0 
6e7d0000-757d0000 rw-p 00000000 00:00 0 
757d0000-78100000 rw-p 00000000 00:00 0 
78100000-9ea80000 rw-p 00000000 00:00 0 
9ea80000-9ff10000 rw-p 00000000 00:00 0 
9ff10000-b33d0000 rw-p 00000000 00:00 0 
b33d3000-b33dc000 rw-p 00000000 00:00 0 
b33dc000-b3493000 rw-p 00000000 00:00 0 
b3493000-b36d3000 rwxp 00000000 00:00 0 
b36d3000-b6493000 rw-p 00000000 00:00 0 
b6493000-b649e000 r-xp 00000000 08:05 11289074   /lib/i386-linux-gnu/libnss_files-2.15.so
b649e000-b649f000 r--p 0000a000 08:05 11289074   /lib/i386-linux-gnu/libnss_files-2.15.so
b649f000-b64a0000 rw-p 0000b000 08:05 11289074   /lib/i386-linux-gnu/libnss_files-2.15.so
b64a0000-b64b6000 r-xp 00000000 08:05 11288950   /lib/i386-linux-gnu/libnsl-2.15.so
b64b6000-b64b7000 r--p 00015000 08:05 11288950   /lib/i386-linux-gnu/libnsl-2.15.so
b64b7000-b64b8000 rw-p 00016000 08:05 11288950   /lib/i386-linux-gnu/libnsl-2.15.so
b64b8000-b64ba000 rw-p 00000000 00:00 0 
b64cd000-b64d5000 r-xp 00000000 08:05 3675357    /usr/lib/jvm/java-7-openjdk-i386/jre/lib/i386/libzip.so
b64d5000-b64d6000 r--p 00007000 08:05 3675357    /usr/lib/jvm/java-7-openjdk-i386/jre/lib/i386/libzip.so
b64d6000-b64d7000 rw-p 00008000 08:05 3675357    /usr/lib/jvm/java-7-openjdk-i386/jre/lib/i386/libzip.so
b64d7000-b64fe000 r-xp 00000000 08:05 3675226    /usr/lib/jvm/java-7-openjdk-i386/jre/lib/i386/libjava.so
b64fe000-b64ff000 r--p 00026000 08:05 3675226    /usr/lib/jvm/java-7-openjdk-i386/jre/lib/i386/libjava.so
b64ff000-b6500000 rw-p 00027000 08:05 3675226    /usr/lib/jvm/java-7-openjdk-i386/jre/lib/i386/libjava.so
b6500000-b655e000 rw-p 00000000 00:00 0 
b655e000-b6600000 ---p 00000000 00:00 0 
b6600000-b6608000 rw-s 00000000 08:05 393322     /tmp/hsperfdata_fjsj/25298
b6608000-b6612000 r-xp 00000000 08:05 11288954   /lib/i386-linux-gnu/libnss_nis-2.15.so
b6612000-b6613000 r--p 00009000 08:05 11288954   /lib/i386-linux-gnu/libnss_nis-2.15.so
b6613000-b6614000 rw-p 0000a000 08:05 11288954   /lib/i386-linux-gnu/libnss_nis-2.15.so
b6614000-b661b000 r-xp 00000000 08:05 11288957   /lib/i386-linux-gnu/librt-2.15.so
b661b000-b661c000 r--p 00006000 08:05 11288957   /lib/i386-linux-gnu/librt-2.15.so
b661c000-b661d000 rw-p 00007000 08:05 11288957   /lib/i386-linux-gnu/librt-2.15.so
b661d000-b6620000 ---p 00000000 00:00 0 
b6620000-b666e000 rw-p 00000000 00:00 0          [stack:25303]
b666e000-b668a000 r-xp 00000000 08:05 11272911   /lib/i386-linux-gnu/libgcc_s.so.1
b668a000-b668b000 r--p 0001b000 08:05 11272911   /lib/i386-linux-gnu/libgcc_s.so.1
b668b000-b668c000 rw-p 0001c000 08:05 11272911   /lib/i386-linux-gnu/libgcc_s.so.1
b668c000-b66b6000 r-xp 00000000 08:05 11289081   /lib/i386-linux-gnu/libm-2.15.so
b66b6000-b66b7000 r--p 00029000 08:05 11289081   /lib/i386-linux-gnu/libm-2.15.so
b66b7000-b66b8000 rw-p 0002a000 08:05 11289081   /lib/i386-linux-gnu/libm-2.15.so
b66b8000-b6794000 r-xp 00000000 08:05 3675420    /usr/lib/i386-linux-gnu/libstdc++.so.6.0.17
b6794000-b6795000 ---p 000dc000 08:05 3675420    /usr/lib/i386-linux-gnu/libstdc++.so.6.0.17
b6795000-b6799000 r--p 000dc000 08:05 3675420    /usr/lib/i386-linux-gnu/libstdc++.so.6.0.17
b6799000-b679a000 rw-p 000e0000 08:05 3675420    /usr/lib/i386-linux-gnu/libstdc++.so.6.0.17
b679a000-b67a1000 rw-p 00000000 00:00 0 
b67a1000-b7090000 r-xp 00000000 08:05 3675472    /usr/lib/jvm/java-7-openjdk-i386/jre/lib/i386/server/libjvm.so
b7090000-b70d7000 r--p 008ee000 08:05 3675472    /usr/lib/jvm/java-7-openjdk-i386/jre/lib/i386/server/libjvm.so
b70d7000-b70eb000 rw-p 00935000 08:05 3675472    /usr/lib/jvm/java-7-openjdk-i386/jre/lib/i386/server/libjvm.so
b70eb000-b7509000 rw-p 00000000 00:00 0 
b7509000-b7520000 r-xp 00000000 08:05 11273020   /lib/i386-linux-gnu/libz.so.1.2.7
b7520000-b7521000 r--p 00016000 08:05 11273020   /lib/i386-linux-gnu/libz.so.1.2.7
b7521000-b7522000 rw-p 00017000 08:05 11273020   /lib/i386-linux-gnu/libz.so.1.2.7
b7522000-b7539000 r-xp 00000000 08:05 11288986   /lib/i386-linux-gnu/libpthread-2.15.so
b7539000-b753a000 r--p 00016000 08:05 11288986   /lib/i386-linux-gnu/libpthread-2.15.so
b753a000-b753b000 rw-p 00017000 08:05 11288986   /lib/i386-linux-gnu/libpthread-2.15.so
b753b000-b753d000 rw-p 00000000 00:00 0 
b753d000-b7540000 r-xp 00000000 08:05 11288984   /lib/i386-linux-gnu/libdl-2.15.so
b7540000-b7541000 r--p 00002000 08:05 11288984   /lib/i386-linux-gnu/libdl-2.15.so
b7541000-b7542000 rw-p 00003000 08:05 11288984   /lib/i386-linux-gnu/libdl-2.15.so
b7542000-b76e6000 r-xp 00000000 08:05 11288952   /lib/i386-linux-gnu/libc-2.15.so
b76e6000-b76e7000 ---p 001a4000 08:05 11288952   /lib/i386-linux-gnu/libc-2.15.so
b76e7000-b76e9000 r--p 001a4000 08:05 11288952   /lib/i386-linux-gnu/libc-2.15.so
b76e9000-b76ea000 rw-p 001a6000 08:05 11288952   /lib/i386-linux-gnu/libc-2.15.so
b76ea000-b76ed000 rw-p 00000000 00:00 0 
b76ef000-b76f6000 r-xp 00000000 08:05 11289073   /lib/i386-linux-gnu/libnss_compat-2.15.so
b76f6000-b76f7000 r--p 00006000 08:05 11289073   /lib/i386-linux-gnu/libnss_compat-2.15.so
b76f7000-b76f8000 rw-p 00007000 08:05 11289073   /lib/i386-linux-gnu/libnss_compat-2.15.so
b76f8000-b76f9000 rw-p 00000000 00:00 0 
b76f9000-b76fa000 r--p 00000000 00:00 0 
b76fa000-b7707000 r-xp 00000000 08:05 3675334    /usr/lib/jvm/java-7-openjdk-i386/jre/lib/i386/libverify.so
b7707000-b7708000 ---p 0000d000 08:05 3675334    /usr/lib/jvm/java-7-openjdk-i386/jre/lib/i386/libverify.so
b7708000-b7709000 r--p 0000d000 08:05 3675334    /usr/lib/jvm/java-7-openjdk-i386/jre/lib/i386/libverify.so
b7709000-b770a000 rw-p 0000e000 08:05 3675334    /usr/lib/jvm/java-7-openjdk-i386/jre/lib/i386/libverify.so
b770a000-b7717000 r-xp 00000000 08:05 3675260    /usr/lib/jvm/java-7-openjdk-i386/jre/lib/i386/jli/libjli.so
b7717000-b7718000 r--p 0000c000 08:05 3675260    /usr/lib/jvm/java-7-openjdk-i386/jre/lib/i386/jli/libjli.so
b7718000-b7719000 rw-p 0000d000 08:05 3675260    /usr/lib/jvm/java-7-openjdk-i386/jre/lib/i386/jli/libjli.so
b7719000-b771c000 rw-p 00000000 00:00 0 
b771c000-b771d000 r-xp 00000000 00:00 0          [vdso]
b771d000-b773d000 r-xp 00000000 08:05 11289075   /lib/i386-linux-gnu/ld-2.15.so
b773d000-b773e000 r--p 0001f000 08:05 11289075   /lib/i386-linux-gnu/ld-2.15.so
b773e000-b773f000 rw-p 00020000 08:05 11289075   /lib/i386-linux-gnu/ld-2.15.so
bfd8e000-bfdaf000 rw-p 00000000 00:00 0          [stack]

VM Arguments:
jvm_args: -Dfile.encoding=UTF-8 -Xbootclasspath:/home/fjsj/android/sdk/platforms/android-15/android.jar 
java_command: io.trigger.forge.android.modules.tcp.SocketFacade
Launcher Type: SUN_STANDARD

Environment Variables:
PATH=/usr/lib/lightdm/lightdm:/usr/local/sbin:/usr/local/bin:/usr/sbin:/usr/bin:/sbin:/bin:/usr/games:/usr/local/games
LD_LIBRARY_PATH=/usr/lib/jvm/java-7-openjdk-i386/jre/lib/i386/server:/usr/lib/jvm/java-7-openjdk-i386/jre/lib/i386:/usr/lib/jvm/java-7-openjdk-i386/jre/../lib/i386:/usr/lib/jvm/java-7-openjdk-i386/jre/lib/i386/client:/usr/lib/jvm/java-7-openjdk-i386/jre/lib/i386:
SHELL=/bin/bash
DISPLAY=:0.0

Signal Handlers:
SIGSEGV: [libjvm.so+0x7564a0], sa_mask[0]=0x7ffbfeff, sa_flags=0x10000004
SIGBUS: [libjvm.so+0x7564a0], sa_mask[0]=0x7ffbfeff, sa_flags=0x10000004
SIGFPE: [libjvm.so+0x5f2c10], sa_mask[0]=0x7ffbfeff, sa_flags=0x10000004
SIGPIPE: [libjvm.so+0x5f2c10], sa_mask[0]=0x7ffbfeff, sa_flags=0x10000004
SIGXFSZ: [libjvm.so+0x5f2c10], sa_mask[0]=0x7ffbfeff, sa_flags=0x10000004
SIGILL: [libjvm.so+0x5f2c10], sa_mask[0]=0x7ffbfeff, sa_flags=0x10000004
SIGUSR1: SIG_DFL, sa_mask[0]=0x00000000, sa_flags=0x00000000
SIGUSR2: [libjvm.so+0x5f2ac0], sa_mask[0]=0x00000004, sa_flags=0x10000004
SIGHUP: SIG_DFL, sa_mask[0]=0x00000000, sa_flags=0x00000000
SIGINT: SIG_DFL, sa_mask[0]=0x00000000, sa_flags=0x00000000
SIGTERM: SIG_DFL, sa_mask[0]=0x00000000, sa_flags=0x00000000
SIGQUIT: SIG_DFL, sa_mask[0]=0x00000000, sa_flags=0x00000000


---------------  S Y S T E M  ---------------

OS:Ubuntu 12.10 (quantal)
uname:Linux 3.5.0-45-generic #68-Ubuntu SMP Mon Dec 2 22:02:00 UTC 2013 i686
libc:glibc 2.15 NPTL 2.15 
rlimit: STACK 8192k, CORE 0k, NPROC 31416, NOFILE 4096, AS infinity
load average:0.23 0.41 0.45

/proc/meminfo:
MemTotal:        4043228 kB
MemFree:          190724 kB
Buffers:          360348 kB
Cached:          1208276 kB
SwapCached:        17444 kB
Active:          2371604 kB
Inactive:        1187508 kB
Active(anon):    1703864 kB
Inactive(anon):   640880 kB
Active(file):     667740 kB
Inactive(file):   546628 kB
Unevictable:       31204 kB
Mlocked:           31204 kB
HighTotal:       3193228 kB
HighFree:          85772 kB
LowTotal:         850000 kB
LowFree:          104952 kB
SwapTotal:       4103164 kB
SwapFree:        3945932 kB
Dirty:              2244 kB
Writeback:             0 kB
AnonPages:       2007548 kB
Mapped:           164620 kB
Shmem:            348460 kB
Slab:             196088 kB
SReclaimable:     133664 kB
SUnreclaim:        62424 kB
KernelStack:        5320 kB
PageTables:        31028 kB
NFS_Unstable:          0 kB
Bounce:                0 kB
WritebackTmp:          0 kB
CommitLimit:     6124776 kB
Committed_AS:    8300644 kB
VmallocTotal:     122880 kB
VmallocUsed:       18648 kB
VmallocChunk:      94324 kB
HardwareCorrupted:     0 kB
AnonHugePages:         0 kB
HugePages_Total:       0
HugePages_Free:        0
HugePages_Rsvd:        0
HugePages_Surp:        0
Hugepagesize:       2048 kB
DirectMap4k:       10232 kB
DirectMap2M:      903168 kB


CPU:total 4 (2 cores per cpu, 2 threads per core) family 6 model 42 stepping 7, cmov, cx8, fxsr, mmx, sse, sse2, sse3, ssse3, sse4.1, sse4.2, popcnt, avx, ht, tsc, tscinvbit

/proc/cpuinfo:
processor	: 0
vendor_id	: GenuineIntel
cpu family	: 6
model		: 42
model name	: Intel(R) Core(TM) i5-2410M CPU @ 2.30GHz
stepping	: 7
microcode	: 0x1b
cpu MHz		: 2301.000
cache size	: 3072 KB
physical id	: 0
siblings	: 4
core id		: 0
cpu cores	: 2
apicid		: 0
initial apicid	: 0
fdiv_bug	: no
hlt_bug		: no
f00f_bug	: no
coma_bug	: no
fpu		: yes
fpu_exception	: yes
cpuid level	: 13
wp		: yes
flags		: fpu vme de pse tsc msr pae mce cx8 apic sep mtrr pge mca cmov pat pse36 clflush dts acpi mmx fxsr sse sse2 ss ht tm pbe nx rdtscp lm constant_tsc arch_perfmon pebs bts xtopology nonstop_tsc aperfmperf pni pclmulqdq dtes64 monitor ds_cpl vmx est tm2 ssse3 cx16 xtpr pdcm pcid sse4_1 sse4_2 x2apic popcnt tsc_deadline_timer aes xsave avx lahf_lm ida arat epb xsaveopt pln pts dtherm tpr_shadow vnmi flexpriority ept vpid
bogomips	: 4589.79
clflush size	: 64
cache_alignment	: 64
address sizes	: 36 bits physical, 48 bits virtual
power management:

processor	: 1
vendor_id	: GenuineIntel
cpu family	: 6
model		: 42
model name	: Intel(R) Core(TM) i5-2410M CPU @ 2.30GHz
stepping	: 7
microcode	: 0x1b
cpu MHz		: 2300.000
cache size	: 3072 KB
physical id	: 0
siblings	: 4
core id		: 0
cpu cores	: 2
apicid		: 1
initial apicid	: 1
fdiv_bug	: no
hlt_bug		: no
f00f_bug	: no
coma_bug	: no
fpu		: yes
fpu_exception	: yes
cpuid level	: 13
wp		: yes
flags		: fpu vme de pse tsc msr pae mce cx8 apic sep mtrr pge mca cmov pat pse36 clflush dts acpi mmx fxsr sse sse2 ss ht tm pbe nx rdtscp lm constant_tsc arch_perfmon pebs bts xtopology nonstop_tsc aperfmperf pni pclmulqdq dtes64 monitor ds_cpl vmx est tm2 ssse3 cx16 xtpr pdcm pcid sse4_1 sse4_2 x2apic popcnt tsc_deadline_timer aes xsave avx lahf_lm ida arat epb xsaveopt pln pts dtherm tpr_shadow vnmi flexpriority ept vpid
bogomips	: 4589.79
clflush size	: 64
cache_alignment	: 64
address sizes	: 36 bits physical, 48 bits virtual
power management:

processor	: 2
vendor_id	: GenuineIntel
cpu family	: 6
model		: 42
model name	: Intel(R) Core(TM) i5-2410M CPU @ 2.30GHz
stepping	: 7
microcode	: 0x1b
cpu MHz		: 2301.000
cache size	: 3072 KB
physical id	: 0
siblings	: 4
core id		: 1
cpu cores	: 2
apicid		: 2
initial apicid	: 2
fdiv_bug	: no
hlt_bug		: no
f00f_bug	: no
coma_bug	: no
fpu		: yes
fpu_exception	: yes
cpuid level	: 13
wp		: yes
flags		: fpu vme de pse tsc msr pae mce cx8 apic sep mtrr pge mca cmov pat pse36 clflush dts acpi mmx fxsr sse sse2 ss ht tm pbe nx rdtscp lm constant_tsc arch_perfmon pebs bts xtopology nonstop_tsc aperfmperf pni pclmulqdq dtes64 monitor ds_cpl vmx est tm2 ssse3 cx16 xtpr pdcm pcid sse4_1 sse4_2 x2apic popcnt tsc_deadline_timer aes xsave avx lahf_lm ida arat epb xsaveopt pln pts dtherm tpr_shadow vnmi flexpriority ept vpid
bogomips	: 4589.79
clflush size	: 64
cache_alignment	: 64
address sizes	: 36 bits physical, 48 bits virtual
power management:

processor	: 3
vendor_id	: GenuineIntel
cpu family	: 6
model		: 42
model name	: Intel(R) Core(TM) i5-2410M CPU @ 2.30GHz
stepping	: 7
microcode	: 0x1b
cpu MHz		: 2301.000
cache size	: 3072 KB
physical id	: 0
siblings	: 4
core id		: 1
cpu cores	: 2
apicid		: 3
initial apicid	: 3
fdiv_bug	: no
hlt_bug		: no
f00f_bug	: no
coma_bug	: no
fpu		: yes
fpu_exception	: yes
cpuid level	: 13
wp		: yes
flags		: fpu vme de pse tsc msr pae mce cx8 apic sep mtrr pge mca cmov pat pse36 clflush dts acpi mmx fxsr sse sse2 ss ht tm pbe nx rdtscp lm constant_tsc arch_perfmon pebs bts xtopology nonstop_tsc aperfmperf pni pclmulqdq dtes64 monitor ds_cpl vmx est tm2 ssse3 cx16 xtpr pdcm pcid sse4_1 sse4_2 x2apic popcnt tsc_deadline_timer aes xsave avx lahf_lm ida arat epb xsaveopt pln pts dtherm tpr_shadow vnmi flexpriority ept vpid
bogomips	: 4589.79
clflush size	: 64
cache_alignment	: 64
address sizes	: 36 bits physical, 48 bits virtual
power management:



Memory: 4k page, physical 4043228k(190724k free), swap 4103164k(3945932k free)

vm_info: OpenJDK Server VM (23.7-b01) for linux-x86 JRE (1.7.0_25-b30), built on Jul  3 2013 13:57:54 by "buildd" with gcc 4.7.2

time: Sat Jan 11 22:48:04 2014
elapsed time: 0 seconds

