#
# A fatal error has been detected by the Java Runtime Environment:
#
#  Internal Error (javaClasses.cpp:129), pid=25264, tid=3060730688
#  fatal error: Invalid layout of preloaded class
#
# JRE version: 7.0_25-b30
# Java VM: OpenJDK Server VM (23.7-b01 mixed mode linux-x86 )
# Failed to write core dump. Core dumps have been disabled. To enable core dumping, try "ulimit -c unlimited" before starting Java again
#
# If you would like to submit a bug report, please include
# instructions on how to reproduce the bug and visit:
#   https://bugs.launchpad.net/ubuntu/+source/openjdk-7/
#

---------------  T H R E A D  ---------------

Current thread (0xb6506c00):  JavaThread "Unknown thread" [_thread_in_vm, id=25269, stack(0xb66a0000,0xb66f1000)]

Stack: [0xb66a0000,0xb66f1000]
[error occurred during error reporting (printing stack bounds), id 0xb]


[error occurred during error reporting (printing native stack), id 0xb]


---------------  P R O C E S S  ---------------

Java Threads: ( => current thread )

Other Threads:

=>0xb6506c00 (exited) JavaThread "Unknown thread" [_thread_in_vm, id=25269, stack(0xb66a0000,0xb66f1000)]

VM state:not at safepoint (not fully initialized)

VM Mutex/Monitor currently owned by a thread: None

GC Heap History (0 events):
No events

Deoptimization events (0 events):
No events

Internal exceptions (0 events):
No events

Events (10 events):
Event: 0.011 loading class 0xb65349a8 done
Event: 0.011 loading class 0xb65342e8 done
Event: 0.011 loading class 0xb65342c0
Event: 0.012 loading class 0xb6553ed8
Event: 0.012 loading class 0xb6553ed8 done
Event: 0.012 loading class 0xb6553f10
Event: 0.012 loading class 0xb6553f10 done
Event: 0.012 loading class 0xb6553f48
Event: 0.012 loading class 0xb6553f48 done
Event: 0.012 loading class 0xb65342c0 done


Dynamic libraries:
08048000-08049000 r-xp 00000000 08:05 3674941    /usr/lib/jvm/java-7-openjdk-i386/jre/bin/java
08049000-0804a000 r--p 00000000 08:05 3674941    /usr/lib/jvm/java-7-openjdk-i386/jre/bin/java
0804a000-0804b000 rw-p 00001000 08:05 3674941    /usr/lib/jvm/java-7-openjdk-i386/jre/bin/java
0838f000-083b0000 rw-p 00000000 00:00 0          [heap]
69e5a000-69e7c000 rw-p 00000000 00:00 0 
69e7c000-69f3a000 r--s 00fac000 00:15 2900413    /home/fjsj/android/sdk/platforms/android-15/android.jar
69f3a000-6cd00000 rw-p 00000000 00:00 0 
6cd00000-6cd21000 rw-p 00000000 00:00 0 
6cd21000-6ce00000 ---p 00000000 00:00 0 
6ce7f000-6ce80000 ---p 00000000 00:00 0 
6ce80000-6cf00000 rw-p 00000000 00:00 0          [stack:25273]
6cf00000-6cf21000 rw-p 00000000 00:00 0 
6cf21000-6d000000 ---p 00000000 00:00 0 
6d07f000-6d080000 ---p 00000000 00:00 0 
6d080000-6d100000 rw-p 00000000 00:00 0          [stack:25272]
6d100000-6d121000 rw-p 00000000 00:00 0 
6d121000-6d200000 ---p 00000000 00:00 0 
6d27f000-6d280000 ---p 00000000 00:00 0 
6d280000-6d300000 rw-p 00000000 00:00 0          [stack:25271]
6d300000-6d321000 rw-p 00000000 00:00 0 
6d321000-6d400000 ---p 00000000 00:00 0 
6d406000-6d407000 ---p 00000000 00:00 0 
6d407000-6d48f000 rw-p 00000000 00:00 0          [stack:25270]
6d48f000-6d4c7000 rw-p 00000000 00:00 0 
6d4c7000-6d4dc000 rw-p 00000000 00:00 0 
6d4dc000-6d611000 rw-p 00000000 00:00 0 
6d611000-6d619000 rw-p 00000000 00:00 0 
6d619000-6d651000 rw-p 00000000 00:00 0 
6d651000-6d666000 rw-p 00000000 00:00 0 
6d666000-6d79a000 rw-p 00000000 00:00 0 
6d79a000-6d7a5000 rw-p 00000000 00:00 0 
6d7a5000-6d83f000 rw-p 00000000 00:00 0 
6d83f000-6e840000 rw-p 00000000 00:00 0 
6e840000-75840000 rw-p 00000000 00:00 0 
75840000-78170000 rw-p 00000000 00:00 0 
78170000-9eaf0000 rw-p 00000000 00:00 0 
9eaf0000-9ff80000 rw-p 00000000 00:00 0 
9ff80000-b3440000 rw-p 00000000 00:00 0 
b3440000-b3449000 rw-p 00000000 00:00 0 
b3449000-b3500000 rw-p 00000000 00:00 0 
b3500000-b3740000 rwxp 00000000 00:00 0 
b3740000-b655e000 rw-p 00000000 00:00 0 
b655e000-b6600000 ---p 00000000 00:00 0 
b6615000-b6620000 r-xp 00000000 08:05 11289074   /lib/i386-linux-gnu/libnss_files-2.15.so
b6620000-b6621000 r--p 0000a000 08:05 11289074   /lib/i386-linux-gnu/libnss_files-2.15.so
b6621000-b6622000 rw-p 0000b000 08:05 11289074   /lib/i386-linux-gnu/libnss_files-2.15.so
b6622000-b662c000 r-xp 00000000 08:05 11288954   /lib/i386-linux-gnu/libnss_nis-2.15.so
b662c000-b662d000 r--p 00009000 08:05 11288954   /lib/i386-linux-gnu/libnss_nis-2.15.so
b662d000-b662e000 rw-p 0000a000 08:05 11288954   /lib/i386-linux-gnu/libnss_nis-2.15.so
b662e000-b6644000 r-xp 00000000 08:05 11288950   /lib/i386-linux-gnu/libnsl-2.15.so
b6644000-b6645000 r--p 00015000 08:05 11288950   /lib/i386-linux-gnu/libnsl-2.15.so
b6645000-b6646000 rw-p 00016000 08:05 11288950   /lib/i386-linux-gnu/libnsl-2.15.so
b6646000-b6648000 rw-p 00000000 00:00 0 
b6648000-b664f000 r-xp 00000000 08:05 11289073   /lib/i386-linux-gnu/libnss_compat-2.15.so
b664f000-b6650000 r--p 00006000 08:05 11289073   /lib/i386-linux-gnu/libnss_compat-2.15.so
b6650000-b6651000 rw-p 00007000 08:05 11289073   /lib/i386-linux-gnu/libnss_compat-2.15.so
b6664000-b666c000 r-xp 00000000 08:05 3675357    /usr/lib/jvm/java-7-openjdk-i386/jre/lib/i386/libzip.so
b666c000-b666d000 r--p 00007000 08:05 3675357    /usr/lib/jvm/java-7-openjdk-i386/jre/lib/i386/libzip.so
b666d000-b666e000 rw-p 00008000 08:05 3675357    /usr/lib/jvm/java-7-openjdk-i386/jre/lib/i386/libzip.so
b666e000-b6695000 r-xp 00000000 08:05 3675226    /usr/lib/jvm/java-7-openjdk-i386/jre/lib/i386/libjava.so
b6695000-b6696000 r--p 00026000 08:05 3675226    /usr/lib/jvm/java-7-openjdk-i386/jre/lib/i386/libjava.so
b6696000-b6697000 rw-p 00027000 08:05 3675226    /usr/lib/jvm/java-7-openjdk-i386/jre/lib/i386/libjava.so
b6697000-b669e000 r-xp 00000000 08:05 11288957   /lib/i386-linux-gnu/librt-2.15.so
b669e000-b669f000 r--p 00006000 08:05 11288957   /lib/i386-linux-gnu/librt-2.15.so
b669f000-b66a0000 rw-p 00007000 08:05 11288957   /lib/i386-linux-gnu/librt-2.15.so
b66a0000-b66a3000 ---p 00000000 00:00 0 
b66a3000-b66f1000 rw-p 00000000 00:00 0          [stack:25269]
b66f1000-b670d000 r-xp 00000000 08:05 11272911   /lib/i386-linux-gnu/libgcc_s.so.1
b670d000-b670e000 r--p 0001b000 08:05 11272911   /lib/i386-linux-gnu/libgcc_s.so.1
b670e000-b670f000 rw-p 0001c000 08:05 11272911   /lib/i386-linux-gnu/libgcc_s.so.1
b670f000-b6739000 r-xp 00000000 08:05 11289081   /lib/i386-linux-gnu/libm-2.15.so
b6739000-b673a000 r--p 00029000 08:05 11289081   /lib/i386-linux-gnu/libm-2.15.so
b673a000-b673b000 rw-p 0002a000 08:05 11289081   /lib/i386-linux-gnu/libm-2.15.so
b673b000-b6817000 r-xp 00000000 08:05 3675420    /usr/lib/i386-linux-gnu/libstdc++.so.6.0.17
b6817000-b6818000 ---p 000dc000 08:05 3675420    /usr/lib/i386-linux-gnu/libstdc++.so.6.0.17
b6818000-b681c000 r--p 000dc000 08:05 3675420    /usr/lib/i386-linux-gnu/libstdc++.so.6.0.17
b681c000-b681d000 rw-p 000e0000 08:05 3675420    /usr/lib/i386-linux-gnu/libstdc++.so.6.0.17
b681d000-b6824000 rw-p 00000000 00:00 0 
b6824000-b7113000 r-xp 00000000 08:05 3675472    /usr/lib/jvm/java-7-openjdk-i386/jre/lib/i386/server/libjvm.so
b7113000-b715a000 r--p 008ee000 08:05 3675472    /usr/lib/jvm/java-7-openjdk-i386/jre/lib/i386/server/libjvm.so
b715a000-b716e000 rw-p 00935000 08:05 3675472    /usr/lib/jvm/java-7-openjdk-i386/jre/lib/i386/server/libjvm.so
b716e000-b758c000 rw-p 00000000 00:00 0 
b758c000-b75a3000 r-xp 00000000 08:05 11273020   /lib/i386-linux-gnu/libz.so.1.2.7
b75a3000-b75a4000 r--p 00016000 08:05 11273020   /lib/i386-linux-gnu/libz.so.1.2.7
b75a4000-b75a5000 rw-p 00017000 08:05 11273020   /lib/i386-linux-gnu/libz.so.1.2.7
b75a5000-b75bc000 r-xp 00000000 08:05 11288986   /lib/i386-linux-gnu/libpthread-2.15.so
b75bc000-b75bd000 r--p 00016000 08:05 11288986   /lib/i386-linux-gnu/libpthread-2.15.so
b75bd000-b75be000 rw-p 00017000 08:05 11288986   /lib/i386-linux-gnu/libpthread-2.15.so
b75be000-b75c0000 rw-p 00000000 00:00 0 
b75c0000-b75c3000 r-xp 00000000 08:05 11288984   /lib/i386-linux-gnu/libdl-2.15.so
b75c3000-b75c4000 r--p 00002000 08:05 11288984   /lib/i386-linux-gnu/libdl-2.15.so
b75c4000-b75c5000 rw-p 00003000 08:05 11288984   /lib/i386-linux-gnu/libdl-2.15.so
b75c5000-b7769000 r-xp 00000000 08:05 11288952   /lib/i386-linux-gnu/libc-2.15.so
b7769000-b776a000 ---p 001a4000 08:05 11288952   /lib/i386-linux-gnu/libc-2.15.so
b776a000-b776c000 r--p 001a4000 08:05 11288952   /lib/i386-linux-gnu/libc-2.15.so
b776c000-b776d000 rw-p 001a6000 08:05 11288952   /lib/i386-linux-gnu/libc-2.15.so
b776d000-b7770000 rw-p 00000000 00:00 0 
b7773000-b777b000 rw-s 00000000 08:05 393322     /tmp/hsperfdata_fjsj/25264
b777b000-b777c000 rw-p 00000000 00:00 0 
b777c000-b777d000 r--p 00000000 00:00 0 
b777d000-b778a000 r-xp 00000000 08:05 3675334    /usr/lib/jvm/java-7-openjdk-i386/jre/lib/i386/libverify.so
b778a000-b778b000 ---p 0000d000 08:05 3675334    /usr/lib/jvm/java-7-openjdk-i386/jre/lib/i386/libverify.so
b778b000-b778c000 r--p 0000d000 08:05 3675334    /usr/lib/jvm/java-7-openjdk-i386/jre/lib/i386/libverify.so
b778c000-b778d000 rw-p 0000e000 08:05 3675334    /usr/lib/jvm/java-7-openjdk-i386/jre/lib/i386/libverify.so
b778d000-b779a000 r-xp 00000000 08:05 3675260    /usr/lib/jvm/java-7-openjdk-i386/jre/lib/i386/jli/libjli.so
b779a000-b779b000 r--p 0000c000 08:05 3675260    /usr/lib/jvm/java-7-openjdk-i386/jre/lib/i386/jli/libjli.so
b779b000-b779c000 rw-p 0000d000 08:05 3675260    /usr/lib/jvm/java-7-openjdk-i386/jre/lib/i386/jli/libjli.so
b779c000-b779f000 rw-p 00000000 00:00 0 
b779f000-b77a0000 r-xp 00000000 00:00 0          [vdso]
b77a0000-b77c0000 r-xp 00000000 08:05 11289075   /lib/i386-linux-gnu/ld-2.15.so
b77c0000-b77c1000 r--p 0001f000 08:05 11289075   /lib/i386-linux-gnu/ld-2.15.so
b77c1000-b77c2000 rw-p 00020000 08:05 11289075   /lib/i386-linux-gnu/ld-2.15.so
bfb1d000-bfb3e000 rw-p 00000000 00:00 0          [stack]

VM Arguments:
jvm_args: -Dfile.encoding=UTF-8 -Xbootclasspath:/home/fjsj/android/sdk/platforms/android-15/android.jar 
java_command: io.trigger.forge.android.modules.tcp.SocketFacade
Launcher Type: SUN_STANDARD

Environment Variables:
PATH=/usr/lib/lightdm/lightdm:/usr/local/sbin:/usr/local/bin:/usr/sbin:/usr/bin:/sbin:/bin:/usr/games:/usr/local/games
LD_LIBRARY_PATH=/usr/lib/jvm/java-7-openjdk-i386/jre/lib/i386/server:/usr/lib/jvm/java-7-openjdk-i386/jre/lib/i386:/usr/lib/jvm/java-7-openjdk-i386/jre/../lib/i386:/usr/lib/jvm/java-7-openjdk-i386/jre/lib/i386/client:/usr/lib/jvm/java-7-openjdk-i386/jre/lib/i386:
SHELL=/bin/bash
DISPLAY=:0.0

Signal Handlers:
SIGSEGV: [libjvm.so+0x7564a0], sa_mask[0]=0x7ffbfeff, sa_flags=0x10000004
SIGBUS: [libjvm.so+0x7564a0], sa_mask[0]=0x7ffbfeff, sa_flags=0x10000004
SIGFPE: [libjvm.so+0x5f2c10], sa_mask[0]=0x7ffbfeff, sa_flags=0x10000004
SIGPIPE: [libjvm.so+0x5f2c10], sa_mask[0]=0x7ffbfeff, sa_flags=0x10000004
SIGXFSZ: [libjvm.so+0x5f2c10], sa_mask[0]=0x7ffbfeff, sa_flags=0x10000004
SIGILL: [libjvm.so+0x5f2c10], sa_mask[0]=0x7ffbfeff, sa_flags=0x10000004
SIGUSR1: SIG_DFL, sa_mask[0]=0x00000000, sa_flags=0x00000000
SIGUSR2: [libjvm.so+0x5f2ac0], sa_mask[0]=0x00000004, sa_flags=0x10000004
SIGHUP: SIG_DFL, sa_mask[0]=0x00000000, sa_flags=0x00000000
SIGINT: SIG_DFL, sa_mask[0]=0x00000000, sa_flags=0x00000000
SIGTERM: SIG_DFL, sa_mask[0]=0x00000000, sa_flags=0x00000000
SIGQUIT: SIG_DFL, sa_mask[0]=0x00000000, sa_flags=0x00000000


---------------  S Y S T E M  ---------------

OS:Ubuntu 12.10 (quantal)
uname:Linux 3.5.0-45-generic #68-Ubuntu SMP Mon Dec 2 22:02:00 UTC 2013 i686
libc:glibc 2.15 NPTL 2.15 
rlimit: STACK 8192k, CORE 0k, NPROC 31416, NOFILE 4096, AS infinity
load average:0.21 0.41 0.45

/proc/meminfo:
MemTotal:        4043228 kB
MemFree:          194624 kB
Buffers:          358068 kB
Cached:          1207128 kB
SwapCached:        17276 kB
Active:          2366684 kB
Inactive:        1188416 kB
Active(anon):    1703532 kB
Inactive(anon):   648564 kB
Active(file):     663152 kB
Inactive(file):   539852 kB
Unevictable:       31204 kB
Mlocked:           31204 kB
HighTotal:       3193228 kB
HighFree:          87880 kB
LowTotal:         850000 kB
LowFree:          106744 kB
SwapTotal:       4103164 kB
SwapFree:        3945908 kB
Dirty:               536 kB
Writeback:             0 kB
AnonPages:       2006932 kB
Mapped:           164804 kB
Shmem:            356396 kB
Slab:             196056 kB
SReclaimable:     133648 kB
SUnreclaim:        62408 kB
KernelStack:        5320 kB
PageTables:        31036 kB
NFS_Unstable:          0 kB
Bounce:                0 kB
WritebackTmp:          0 kB
CommitLimit:     6124776 kB
Committed_AS:    8308648 kB
VmallocTotal:     122880 kB
VmallocUsed:       18648 kB
VmallocChunk:      94324 kB
HardwareCorrupted:     0 kB
AnonHugePages:         0 kB
HugePages_Total:       0
HugePages_Free:        0
HugePages_Rsvd:        0
HugePages_Surp:        0
Hugepagesize:       2048 kB
DirectMap4k:       10232 kB
DirectMap2M:      903168 kB


CPU:total 4 (2 cores per cpu, 2 threads per core) family 6 model 42 stepping 7, cmov, cx8, fxsr, mmx, sse, sse2, sse3, ssse3, sse4.1, sse4.2, popcnt, avx, ht, tsc, tscinvbit

/proc/cpuinfo:
processor	: 0
vendor_id	: GenuineIntel
cpu family	: 6
model		: 42
model name	: Intel(R) Core(TM) i5-2410M CPU @ 2.30GHz
stepping	: 7
microcode	: 0x1b
cpu MHz		: 2301.000
cache size	: 3072 KB
physical id	: 0
siblings	: 4
core id		: 0
cpu cores	: 2
apicid		: 0
initial apicid	: 0
fdiv_bug	: no
hlt_bug		: no
f00f_bug	: no
coma_bug	: no
fpu		: yes
fpu_exception	: yes
cpuid level	: 13
wp		: yes
flags		: fpu vme de pse tsc msr pae mce cx8 apic sep mtrr pge mca cmov pat pse36 clflush dts acpi mmx fxsr sse sse2 ss ht tm pbe nx rdtscp lm constant_tsc arch_perfmon pebs bts xtopology nonstop_tsc aperfmperf pni pclmulqdq dtes64 monitor ds_cpl vmx est tm2 ssse3 cx16 xtpr pdcm pcid sse4_1 sse4_2 x2apic popcnt tsc_deadline_timer aes xsave avx lahf_lm ida arat epb xsaveopt pln pts dtherm tpr_shadow vnmi flexpriority ept vpid
bogomips	: 4589.79
clflush size	: 64
cache_alignment	: 64
address sizes	: 36 bits physical, 48 bits virtual
power management:

processor	: 1
vendor_id	: GenuineIntel
cpu family	: 6
model		: 42
model name	: Intel(R) Core(TM) i5-2410M CPU @ 2.30GHz
stepping	: 7
microcode	: 0x1b
cpu MHz		: 2301.000
cache size	: 3072 KB
physical id	: 0
siblings	: 4
core id		: 0
cpu cores	: 2
apicid		: 1
initial apicid	: 1
fdiv_bug	: no
hlt_bug		: no
f00f_bug	: no
coma_bug	: no
fpu		: yes
fpu_exception	: yes
cpuid level	: 13
wp		: yes
flags		: fpu vme de pse tsc msr pae mce cx8 apic sep mtrr pge mca cmov pat pse36 clflush dts acpi mmx fxsr sse sse2 ss ht tm pbe nx rdtscp lm constant_tsc arch_perfmon pebs bts xtopology nonstop_tsc aperfmperf pni pclmulqdq dtes64 monitor ds_cpl vmx est tm2 ssse3 cx16 xtpr pdcm pcid sse4_1 sse4_2 x2apic popcnt tsc_deadline_timer aes xsave avx lahf_lm ida arat epb xsaveopt pln pts dtherm tpr_shadow vnmi flexpriority ept vpid
bogomips	: 4589.79
clflush size	: 64
cache_alignment	: 64
address sizes	: 36 bits physical, 48 bits virtual
power management:

processor	: 2
vendor_id	: GenuineIntel
cpu family	: 6
model		: 42
model name	: Intel(R) Core(TM) i5-2410M CPU @ 2.30GHz
stepping	: 7
microcode	: 0x1b
cpu MHz		: 1000.000
cache size	: 3072 KB
physical id	: 0
siblings	: 4
core id		: 1
cpu cores	: 2
apicid		: 2
initial apicid	: 2
fdiv_bug	: no
hlt_bug		: no
f00f_bug	: no
coma_bug	: no
fpu		: yes
fpu_exception	: yes
cpuid level	: 13
wp		: yes
flags		: fpu vme de pse tsc msr pae mce cx8 apic sep mtrr pge mca cmov pat pse36 clflush dts acpi mmx fxsr sse sse2 ss ht tm pbe nx rdtscp lm constant_tsc arch_perfmon pebs bts xtopology nonstop_tsc aperfmperf pni pclmulqdq dtes64 monitor ds_cpl vmx est tm2 ssse3 cx16 xtpr pdcm pcid sse4_1 sse4_2 x2apic popcnt tsc_deadline_timer aes xsave avx lahf_lm ida arat epb xsaveopt pln pts dtherm tpr_shadow vnmi flexpriority ept vpid
bogomips	: 4589.79
clflush size	: 64
cache_alignment	: 64
address sizes	: 36 bits physical, 48 bits virtual
power management:

processor	: 3
vendor_id	: GenuineIntel
cpu family	: 6
model		: 42
model name	: Intel(R) Core(TM) i5-2410M CPU @ 2.30GHz
stepping	: 7
microcode	: 0x1b
cpu MHz		: 1000.000
cache size	: 3072 KB
physical id	: 0
siblings	: 4
core id		: 1
cpu cores	: 2
apicid		: 3
initial apicid	: 3
fdiv_bug	: no
hlt_bug		: no
f00f_bug	: no
coma_bug	: no
fpu		: yes
fpu_exception	: yes
cpuid level	: 13
wp		: yes
flags		: fpu vme de pse tsc msr pae mce cx8 apic sep mtrr pge mca cmov pat pse36 clflush dts acpi mmx fxsr sse sse2 ss ht tm pbe nx rdtscp lm constant_tsc arch_perfmon pebs bts xtopology nonstop_tsc aperfmperf pni pclmulqdq dtes64 monitor ds_cpl vmx est tm2 ssse3 cx16 xtpr pdcm pcid sse4_1 sse4_2 x2apic popcnt tsc_deadline_timer aes xsave avx lahf_lm ida arat epb xsaveopt pln pts dtherm tpr_shadow vnmi flexpriority ept vpid
bogomips	: 4589.79
clflush size	: 64
cache_alignment	: 64
address sizes	: 36 bits physical, 48 bits virtual
power management:



Memory: 4k page, physical 4043228k(194520k free), swap 4103164k(3945908k free)

vm_info: OpenJDK Server VM (23.7-b01) for linux-x86 JRE (1.7.0_25-b30), built on Jul  3 2013 13:57:54 by "buildd" with gcc 4.7.2

time: Sat Jan 11 22:47:45 2014
elapsed time: 0 seconds

